
Cadence Innovus(TM) Implementation System.
Copyright 2020 Cadence Design Systems, Inc. All rights reserved worldwide.

Version:	v20.11-s130_1, built Wed Aug 5 15:53:11 PDT 2020
Options:	
Date:		Mon Oct 27 17:32:17 2025
Host:		isaserver (x86_64 w/Linux 3.10.0-1160.81.1.el7.x86_64) (6cores*6cpus*QEMU Virtual CPU version 2.5+ 16384KB)
OS:		CentOS Linux release 7.9.2009 (Core)

License:
		invs	Innovus Implementation System	20.1	checkout succeeded
		8 CPU jobs allowed with the current license(s). Use setMultiCpuUsage to set your required CPU count.
Change the soft stacksize limit to 0.2%RAM (64 mbytes). Set global soft_stack_size_limit to change the value.

**INFO:  MMMC transition support version v31-84 

<CMD> set_global _enable_mmmc_by_default_flow      $CTE::mmmc_default
<CMD> suppressMessage ENCEXT-2799
<CMD> win
invalid command name "quit"

--------------------------------------------------------------------------------
Exiting Innovus on Mon Oct 27 17:41:15 2025
  Total CPU time:     0:02:09
  Total real time:    0:09:00
  Peak memory (main): 558.63MB


*** Memory Usage v#2 (Current mem = 747.648M, initial mem = 272.285M) ***
*** Message Summary: 0 warning(s), 0 error(s)

--- Ending "Innovus" (totcpu=0:02:09, real=0:08:58, mem=747.6M) ---
